<?xml version="1.0" encoding="UTF-8"?>
<testng-results ignored="0" total="6" passed="0" failed="6" skipped="0">
  <reporter-output>
  </reporter-output>
  <suite started-at="2023-08-12T21:35:01 MYT" name="Cucumber Test Suite" finished-at="2023-08-12T21:35:21 MYT" duration-ms="20173">
    <groups>
      <group name="cucumber">
        <method signature="AbstractTestNGCucumberTests.runScenario(io.cucumber.testng.PickleWrapper,io.cucumber.testng.FeatureWrapper)[pri:0, instance:testRunner.testngRunner@c8c12ac]" name="runScenario" class="io.cucumber.testng.AbstractTestNGCucumberTests"/>
      </group> <!-- cucumber -->
    </groups>
    <test started-at="2023-08-12T21:35:01 MYT" name="Cucumber Test" finished-at="2023-08-12T21:35:21 MYT" duration-ms="20173">
      <class name="testRunner.testngRunner">
        <test-method is-config="true" signature="setUpClass(org.testng.ITestContext)[pri:0, instance:testRunner.testngRunner@c8c12ac]" started-at="2023-08-12T21:35:01 MYT" name="setUpClass" finished-at="2023-08-12T21:35:01 MYT" duration-ms="383" status="PASS">
          <params>
            <param index="0">
              <value>
                <![CDATA[org.testng.TestRunner@644ded04]]>
              </value>
            </param>
          </params>
          <reporter-output>
          </reporter-output>
        </test-method> <!-- setUpClass -->
        <test-method signature="runScenario(io.cucumber.testng.PickleWrapper,io.cucumber.testng.FeatureWrapper)[pri:0, instance:testRunner.testngRunner@c8c12ac]" started-at="2023-08-12T21:35:01 MYT" name="runScenario" description="Runs Cucumber Scenarios" data-provider="scenarios" finished-at="2023-08-12T21:35:05 MYT" duration-ms="3718" status="FAIL">
          <params>
            <param index="0">
              <value>
                <![CDATA["Verify Request Types and Endpoints Listing"]]>
              </value>
            </param>
            <param index="1">
              <value>
                <![CDATA["Optional[UI Spec]"]]>
              </value>
            </param>
          </params>
          <exception class="java.lang.NullPointerException">
            <message>
              <![CDATA[Cannot invoke "org.openqa.selenium.SearchContext.findElement(org.openqa.selenium.By)" because "this.searchContext" is null]]>
            </message>
            <full-stacktrace>
              <![CDATA[java.lang.NullPointerException: Cannot invoke "org.openqa.selenium.SearchContext.findElement(org.openqa.selenium.By)" because "this.searchContext" is null
at org.openqa.selenium.support.pagefactory.DefaultElementLocator.findElement(DefaultElementLocator.java:69)
at org.openqa.selenium.support.pagefactory.internal.LocatingElementHandler.invoke(LocatingElementHandler.java:38)
at jdk.proxy2/jdk.proxy2.$Proxy24.getText(Unknown Source)
at pageObjects.HomePage.Verify_GetListUsers(HomePage.java:95)
at stepDefinitions.Steps.Verify_Get_ListUsrers(Steps.java:53)
at ✽.I want to verify Request type Get with Endpoint as List Users(file:///C:/Users/gunna/Downloads/TM_Automation_Demo/./Features/TestCases.feature:24)
]]>
            </full-stacktrace>
          </exception> <!-- java.lang.NullPointerException -->
          <reporter-output>
          </reporter-output>
        </test-method> <!-- runScenario -->
        <test-method signature="runScenario(io.cucumber.testng.PickleWrapper,io.cucumber.testng.FeatureWrapper)[pri:0, instance:testRunner.testngRunner@c8c12ac]" started-at="2023-08-12T21:35:05 MYT" name="runScenario" description="Runs Cucumber Scenarios" data-provider="scenarios" finished-at="2023-08-12T21:35:08 MYT" duration-ms="3299" status="FAIL">
          <params>
            <param index="0">
              <value>
                <![CDATA["Verify Display of 'Sample Request and Response' Details"]]>
              </value>
            </param>
            <param index="1">
              <value>
                <![CDATA["Optional[UI Spec]"]]>
              </value>
            </param>
          </params>
          <exception class="java.lang.NullPointerException">
            <message>
              <![CDATA[Cannot invoke "org.openqa.selenium.SearchContext.findElement(org.openqa.selenium.By)" because "this.searchContext" is null]]>
            </message>
            <full-stacktrace>
              <![CDATA[java.lang.NullPointerException: Cannot invoke "org.openqa.selenium.SearchContext.findElement(org.openqa.selenium.By)" because "this.searchContext" is null
at org.openqa.selenium.support.pagefactory.DefaultElementLocator.findElement(DefaultElementLocator.java:69)
at org.openqa.selenium.support.pagefactory.internal.LocatingElementHandler.invoke(LocatingElementHandler.java:38)
at jdk.proxy2/jdk.proxy2.$Proxy24.isDisplayed(Unknown Source)
at pageObjects.HomePage.Verify_GetSingleUser(HomePage.java:104)
at stepDefinitions.Steps.i_want_to_select_or_click_get_single_user_not_found(Steps.java:131)
at ✽.I want to Select or Click “GET SINGLE USER NOT FOUND”(file:///C:/Users/gunna/Downloads/TM_Automation_Demo/./Features/TestCases.feature:42)
]]>
            </full-stacktrace>
          </exception> <!-- java.lang.NullPointerException -->
          <reporter-output>
          </reporter-output>
        </test-method> <!-- runScenario -->
        <test-method signature="runScenario(io.cucumber.testng.PickleWrapper,io.cucumber.testng.FeatureWrapper)[pri:0, instance:testRunner.testngRunner@c8c12ac]" started-at="2023-08-12T21:35:09 MYT" name="runScenario" description="Runs Cucumber Scenarios" data-provider="scenarios" finished-at="2023-08-12T21:35:12 MYT" duration-ms="3166" status="FAIL">
          <params>
            <param index="0">
              <value>
                <![CDATA["Verify Navigation to Support Page"]]>
              </value>
            </param>
            <param index="1">
              <value>
                <![CDATA["Optional[UI Spec]"]]>
              </value>
            </param>
          </params>
          <exception class="java.lang.NullPointerException">
            <message>
              <![CDATA[Cannot invoke "org.openqa.selenium.SearchContext.findElement(org.openqa.selenium.By)" because "this.searchContext" is null]]>
            </message>
            <full-stacktrace>
              <![CDATA[java.lang.NullPointerException: Cannot invoke "org.openqa.selenium.SearchContext.findElement(org.openqa.selenium.By)" because "this.searchContext" is null
at org.openqa.selenium.support.pagefactory.DefaultElementLocator.findElement(DefaultElementLocator.java:69)
at org.openqa.selenium.support.pagefactory.internal.LocatingElementHandler.invoke(LocatingElementHandler.java:38)
at jdk.proxy2/jdk.proxy2.$Proxy24.isDisplayed(Unknown Source)
at pageObjects.HomePage.Verify_btn_SupportReqres(HomePage.java:193)
at stepDefinitions.Steps.i_want_to_verify_button_to_navigate_to_support_page_is_displayed(Steps.java:143)
at ✽.I want to verify button to navigate to support page is displayed(file:///C:/Users/gunna/Downloads/TM_Automation_Demo/./Features/TestCases.feature:48)
]]>
            </full-stacktrace>
          </exception> <!-- java.lang.NullPointerException -->
          <reporter-output>
          </reporter-output>
        </test-method> <!-- runScenario -->
        <test-method signature="runScenario(io.cucumber.testng.PickleWrapper,io.cucumber.testng.FeatureWrapper)[pri:0, instance:testRunner.testngRunner@c8c12ac]" started-at="2023-08-12T21:35:12 MYT" name="runScenario" description="Runs Cucumber Scenarios" data-provider="scenarios" finished-at="2023-08-12T21:35:15 MYT" duration-ms="3212" status="FAIL">
          <params>
            <param index="0">
              <value>
                <![CDATA["Should contain a button to navigate to support page"]]>
              </value>
            </param>
            <param index="1">
              <value>
                <![CDATA["Optional[UI Spec]"]]>
              </value>
            </param>
          </params>
          <exception class="java.lang.NullPointerException">
            <message>
              <![CDATA[Cannot invoke "org.openqa.selenium.SearchContext.findElement(org.openqa.selenium.By)" because "this.searchContext" is null]]>
            </message>
            <full-stacktrace>
              <![CDATA[java.lang.NullPointerException: Cannot invoke "org.openqa.selenium.SearchContext.findElement(org.openqa.selenium.By)" because "this.searchContext" is null
at org.openqa.selenium.support.pagefactory.DefaultElementLocator.findElement(DefaultElementLocator.java:69)
at org.openqa.selenium.support.pagefactory.internal.LocatingElementHandler.invoke(LocatingElementHandler.java:38)
at jdk.proxy2/jdk.proxy2.$Proxy24.click(Unknown Source)
at pageObjects.HomePage.Click_btn_SupportReqres(HomePage.java:199)
at stepDefinitions.Steps.i_click_on_support_req_res_button_to_navigate_to_support_page(Steps.java:149)
at ✽.I Click on Support ReqRes button to navigate to support page(file:///C:/Users/gunna/Downloads/TM_Automation_Demo/./Features/TestCases.feature:53)
]]>
            </full-stacktrace>
          </exception> <!-- java.lang.NullPointerException -->
          <reporter-output>
          </reporter-output>
        </test-method> <!-- runScenario -->
        <test-method signature="runScenario(io.cucumber.testng.PickleWrapper,io.cucumber.testng.FeatureWrapper)[pri:0, instance:testRunner.testngRunner@c8c12ac]" started-at="2023-08-12T21:35:15 MYT" name="runScenario" description="Runs Cucumber Scenarios" data-provider="scenarios" finished-at="2023-08-12T21:35:18 MYT" duration-ms="3236" status="FAIL">
          <params>
            <param index="0">
              <value>
                <![CDATA["Verify Options for One-time & Monthly Support"]]>
              </value>
            </param>
            <param index="1">
              <value>
                <![CDATA["Optional[UI Spec]"]]>
              </value>
            </param>
          </params>
          <exception class="java.lang.NullPointerException">
            <message>
              <![CDATA[Cannot invoke "org.openqa.selenium.SearchContext.findElement(org.openqa.selenium.By)" because "this.searchContext" is null]]>
            </message>
            <full-stacktrace>
              <![CDATA[java.lang.NullPointerException: Cannot invoke "org.openqa.selenium.SearchContext.findElement(org.openqa.selenium.By)" because "this.searchContext" is null
at org.openqa.selenium.support.pagefactory.DefaultElementLocator.findElement(DefaultElementLocator.java:69)
at org.openqa.selenium.support.pagefactory.internal.LocatingElementHandler.invoke(LocatingElementHandler.java:38)
at jdk.proxy2/jdk.proxy2.$Proxy24.click(Unknown Source)
at pageObjects.HomePage.Click_btn_SupportReqres(HomePage.java:199)
at stepDefinitions.Steps.i_click_on_support_req_res_button_to_navigate_to_support_page(Steps.java:149)
at ✽.I Click on Support ReqRes button to navigate to support page(file:///C:/Users/gunna/Downloads/TM_Automation_Demo/./Features/TestCases.feature:58)
]]>
            </full-stacktrace>
          </exception> <!-- java.lang.NullPointerException -->
          <reporter-output>
          </reporter-output>
        </test-method> <!-- runScenario -->
        <test-method signature="runScenario(io.cucumber.testng.PickleWrapper,io.cucumber.testng.FeatureWrapper)[pri:0, instance:testRunner.testngRunner@c8c12ac]" started-at="2023-08-12T21:35:18 MYT" name="runScenario" description="Runs Cucumber Scenarios" data-provider="scenarios" finished-at="2023-08-12T21:35:21 MYT" duration-ms="3073" status="FAIL">
          <params>
            <param index="0">
              <value>
                <![CDATA["Verify Upgrade Details on Support Page"]]>
              </value>
            </param>
            <param index="1">
              <value>
                <![CDATA["Optional[UI Spec]"]]>
              </value>
            </param>
          </params>
          <exception class="java.lang.NullPointerException">
            <message>
              <![CDATA[Cannot invoke "org.openqa.selenium.SearchContext.findElement(org.openqa.selenium.By)" because "this.searchContext" is null]]>
            </message>
            <full-stacktrace>
              <![CDATA[java.lang.NullPointerException: Cannot invoke "org.openqa.selenium.SearchContext.findElement(org.openqa.selenium.By)" because "this.searchContext" is null
at org.openqa.selenium.support.pagefactory.DefaultElementLocator.findElement(DefaultElementLocator.java:69)
at org.openqa.selenium.support.pagefactory.internal.LocatingElementHandler.invoke(LocatingElementHandler.java:38)
at jdk.proxy2/jdk.proxy2.$Proxy24.isDisplayed(Unknown Source)
at pageObjects.HomePage.Verify_lbl_OnetimePayment(HomePage.java:204)
at stepDefinitions.Steps.i_am_able_to_see_one_time_payment_option(Steps.java:162)
at ✽.I am able to see One Time Payment option(file:///C:/Users/gunna/Downloads/TM_Automation_Demo/./Features/TestCases.feature:65)
]]>
            </full-stacktrace>
          </exception> <!-- java.lang.NullPointerException -->
          <reporter-output>
          </reporter-output>
        </test-method> <!-- runScenario -->
        <test-method is-config="true" signature="tearDownClass()[pri:0, instance:testRunner.testngRunner@c8c12ac]" started-at="2023-08-12T21:35:21 MYT" name="tearDownClass" finished-at="2023-08-12T21:35:21 MYT" duration-ms="54" status="PASS">
          <reporter-output>
          </reporter-output>
        </test-method> <!-- tearDownClass -->
      </class> <!-- testRunner.testngRunner -->
    </test> <!-- Cucumber Test -->
  </suite> <!-- Cucumber Test Suite -->
</testng-results>
