<?xml version="1.0" encoding="UTF-8"?>
<!-- Generated by org.testng.reporters.JUnitReportReporter -->
<testsuite hostname="LAPTOP-P8C1BIO0" failures="0" tests="6" name="testRunner.testngRunner" time="19.704" errors="6" timestamp="2023-08-12T21:35:21 MYT" skipped="0">
  <testcase classname="testRunner.testngRunner" name="runScenario" time="3.718">
    <error message="Cannot invoke &quot;org.openqa.selenium.SearchContext.findElement(org.openqa.selenium.By)&quot; because &quot;this.searchContext&quot; is null" type="java.lang.NullPointerException">
      <![CDATA[java.lang.NullPointerException: Cannot invoke "org.openqa.selenium.SearchContext.findElement(org.openqa.selenium.By)" because "this.searchContext" is null
at org.openqa.selenium.support.pagefactory.DefaultElementLocator.findElement(DefaultElementLocator.java:69)
at org.openqa.selenium.support.pagefactory.internal.LocatingElementHandler.invoke(LocatingElementHandler.java:38)
at jdk.proxy2/jdk.proxy2.$Proxy24.getText(Unknown Source)
at pageObjects.HomePage.Verify_GetListUsers(HomePage.java:95)
at stepDefinitions.Steps.Verify_Get_ListUsrers(Steps.java:53)
at ✽.I want to verify Request type Get with Endpoint as List Users(file:///C:/Users/gunna/Downloads/TM_Automation_Demo/./Features/TestCases.feature:24)
]]>
    </error>
  </testcase> <!-- runScenario -->
  <system-out/>
  <testcase classname="testRunner.testngRunner" name="runScenario" time="3.236">
    <error message="Cannot invoke &quot;org.openqa.selenium.SearchContext.findElement(org.openqa.selenium.By)&quot; because &quot;this.searchContext&quot; is null" type="java.lang.NullPointerException">
      <![CDATA[java.lang.NullPointerException: Cannot invoke "org.openqa.selenium.SearchContext.findElement(org.openqa.selenium.By)" because "this.searchContext" is null
at org.openqa.selenium.support.pagefactory.DefaultElementLocator.findElement(DefaultElementLocator.java:69)
at org.openqa.selenium.support.pagefactory.internal.LocatingElementHandler.invoke(LocatingElementHandler.java:38)
at jdk.proxy2/jdk.proxy2.$Proxy24.click(Unknown Source)
at pageObjects.HomePage.Click_btn_SupportReqres(HomePage.java:199)
at stepDefinitions.Steps.i_click_on_support_req_res_button_to_navigate_to_support_page(Steps.java:149)
at ✽.I Click on Support ReqRes button to navigate to support page(file:///C:/Users/gunna/Downloads/TM_Automation_Demo/./Features/TestCases.feature:58)
]]>
    </error>
  </testcase> <!-- runScenario -->
  <system-out/>
  <testcase classname="testRunner.testngRunner" name="runScenario" time="3.166">
    <error message="Cannot invoke &quot;org.openqa.selenium.SearchContext.findElement(org.openqa.selenium.By)&quot; because &quot;this.searchContext&quot; is null" type="java.lang.NullPointerException">
      <![CDATA[java.lang.NullPointerException: Cannot invoke "org.openqa.selenium.SearchContext.findElement(org.openqa.selenium.By)" because "this.searchContext" is null
at org.openqa.selenium.support.pagefactory.DefaultElementLocator.findElement(DefaultElementLocator.java:69)
at org.openqa.selenium.support.pagefactory.internal.LocatingElementHandler.invoke(LocatingElementHandler.java:38)
at jdk.proxy2/jdk.proxy2.$Proxy24.isDisplayed(Unknown Source)
at pageObjects.HomePage.Verify_btn_SupportReqres(HomePage.java:193)
at stepDefinitions.Steps.i_want_to_verify_button_to_navigate_to_support_page_is_displayed(Steps.java:143)
at ✽.I want to verify button to navigate to support page is displayed(file:///C:/Users/gunna/Downloads/TM_Automation_Demo/./Features/TestCases.feature:48)
]]>
    </error>
  </testcase> <!-- runScenario -->
  <system-out/>
  <testcase classname="testRunner.testngRunner" name="runScenario" time="3.073">
    <error message="Cannot invoke &quot;org.openqa.selenium.SearchContext.findElement(org.openqa.selenium.By)&quot; because &quot;this.searchContext&quot; is null" type="java.lang.NullPointerException">
      <![CDATA[java.lang.NullPointerException: Cannot invoke "org.openqa.selenium.SearchContext.findElement(org.openqa.selenium.By)" because "this.searchContext" is null
at org.openqa.selenium.support.pagefactory.DefaultElementLocator.findElement(DefaultElementLocator.java:69)
at org.openqa.selenium.support.pagefactory.internal.LocatingElementHandler.invoke(LocatingElementHandler.java:38)
at jdk.proxy2/jdk.proxy2.$Proxy24.isDisplayed(Unknown Source)
at pageObjects.HomePage.Verify_lbl_OnetimePayment(HomePage.java:204)
at stepDefinitions.Steps.i_am_able_to_see_one_time_payment_option(Steps.java:162)
at ✽.I am able to see One Time Payment option(file:///C:/Users/gunna/Downloads/TM_Automation_Demo/./Features/TestCases.feature:65)
]]>
    </error>
  </testcase> <!-- runScenario -->
  <system-out/>
  <testcase classname="testRunner.testngRunner" name="runScenario" time="3.212">
    <error message="Cannot invoke &quot;org.openqa.selenium.SearchContext.findElement(org.openqa.selenium.By)&quot; because &quot;this.searchContext&quot; is null" type="java.lang.NullPointerException">
      <![CDATA[java.lang.NullPointerException: Cannot invoke "org.openqa.selenium.SearchContext.findElement(org.openqa.selenium.By)" because "this.searchContext" is null
at org.openqa.selenium.support.pagefactory.DefaultElementLocator.findElement(DefaultElementLocator.java:69)
at org.openqa.selenium.support.pagefactory.internal.LocatingElementHandler.invoke(LocatingElementHandler.java:38)
at jdk.proxy2/jdk.proxy2.$Proxy24.click(Unknown Source)
at pageObjects.HomePage.Click_btn_SupportReqres(HomePage.java:199)
at stepDefinitions.Steps.i_click_on_support_req_res_button_to_navigate_to_support_page(Steps.java:149)
at ✽.I Click on Support ReqRes button to navigate to support page(file:///C:/Users/gunna/Downloads/TM_Automation_Demo/./Features/TestCases.feature:53)
]]>
    </error>
  </testcase> <!-- runScenario -->
  <system-out/>
  <testcase classname="testRunner.testngRunner" name="runScenario" time="3.299">
    <error message="Cannot invoke &quot;org.openqa.selenium.SearchContext.findElement(org.openqa.selenium.By)&quot; because &quot;this.searchContext&quot; is null" type="java.lang.NullPointerException">
      <![CDATA[java.lang.NullPointerException: Cannot invoke "org.openqa.selenium.SearchContext.findElement(org.openqa.selenium.By)" because "this.searchContext" is null
at org.openqa.selenium.support.pagefactory.DefaultElementLocator.findElement(DefaultElementLocator.java:69)
at org.openqa.selenium.support.pagefactory.internal.LocatingElementHandler.invoke(LocatingElementHandler.java:38)
at jdk.proxy2/jdk.proxy2.$Proxy24.isDisplayed(Unknown Source)
at pageObjects.HomePage.Verify_GetSingleUser(HomePage.java:104)
at stepDefinitions.Steps.i_want_to_select_or_click_get_single_user_not_found(Steps.java:131)
at ✽.I want to Select or Click “GET SINGLE USER NOT FOUND”(file:///C:/Users/gunna/Downloads/TM_Automation_Demo/./Features/TestCases.feature:42)
]]>
    </error>
  </testcase> <!-- runScenario -->
  <system-out/>
</testsuite> <!-- testRunner.testngRunner -->
